[[1;34mINFO[m] Scanning for projects...
[[1;34mINFO[m] 
[[1;34mINFO[m] [1m--------------------------< [0;36mcom.example:demo[0;1m >--------------------------[m
[[1;34mINFO[m] [1mBuilding backend 0.0.1-SNAPSHOT[m
[[1;34mINFO[m] [1m--------------------------------[ jar ]---------------------------------[m
[[1;34mINFO[m] 
[[1;34mINFO[m] [1m>>> [0;32mspring-boot-maven-plugin:3.5.0:run[m [1m(default-cli)[0;1m > [0;1mtest-compile[m @ [36mdemo[0;1m >>>[m
[[1;34mINFO[m] 
[[1;34mINFO[m] [1m--- [0;32mmaven-resources-plugin:3.3.1:resources[m [1m(default-resources)[m @ [36mdemo[0;1m ---[m
[[1;34mINFO[m] Copying 1 resource from src/main/resources to target/classes
[[1;34mINFO[m] Copying 0 resource from src/main/resources to target/classes
[[1;34mINFO[m] 
[[1;34mINFO[m] [1m--- [0;32mmaven-compiler-plugin:3.14.0:compile[m [1m(default-compile)[m @ [36mdemo[0;1m ---[m
[[1;34mINFO[m] Recompiling the module because of [1mchanged source code[m.
[[1;34mINFO[m] Compiling 9 source files with javac [debug parameters release 17] to target/classes
[[1;34mINFO[m] 
[[1;34mINFO[m] [1m--- [0;32mmaven-resources-plugin:3.3.1:testResources[m [1m(default-testResources)[m @ [36mdemo[0;1m ---[m
[[1;34mINFO[m] skip non existing resourceDirectory /home/aqmal/Desktop/Multi-RAT-Web-Application/backend/src/test/resources
[[1;34mINFO[m] 
[[1;34mINFO[m] [1m--- [0;32mmaven-compiler-plugin:3.14.0:testCompile[m [1m(default-testCompile)[m @ [36mdemo[0;1m ---[m
[[1;34mINFO[m] Recompiling the module because of [1mchanged dependency[m.
[[1;34mINFO[m] Compiling 1 source file with javac [debug parameters release 17] to target/test-classes
[[1;34mINFO[m] 
[[1;34mINFO[m] [1m<<< [0;32mspring-boot-maven-plugin:3.5.0:run[m [1m(default-cli)[0;1m < [0;1mtest-compile[m @ [36mdemo[0;1m <<<[m
[[1;34mINFO[m] 
[[1;34mINFO[m] 
[[1;34mINFO[m] [1m--- [0;32mspring-boot-maven-plugin:3.5.0:run[m [1m(default-cli)[m @ [36mdemo[0;1m ---[m
[[1;34mINFO[m] Attaching agents: []

  .   ____          _            __ _ _
 /\\ / ___'_ __ _ _(_)_ __  __ _ \ \ \ \
( ( )\___ | '_ | '_| | '_ \/ _` | \ \ \ \
 \\/  ___)| |_)| | | | | || (_| |  ) ) ) )
  '  |____| .__|_| |_|_| |_\__, | / / / /
 =========|_|==============|___/=/_/_/_/

 :: Spring Boot ::                (v3.5.0)

2025-11-15T13:44:53.404+08:00  INFO 16312 --- [backend] [           main] com.example.demo.BackendApplication      : Starting BackendApplication using Java 17.0.16 with PID 16312 (/home/aqmal/Desktop/Multi-RAT-Web-Application/backend/target/classes started by aqmal in /home/aqmal/Desktop/Multi-RAT-Web-Application/backend)
2025-11-15T13:44:53.406+08:00  INFO 16312 --- [backend] [           main] com.example.demo.BackendApplication      : No active profile set, falling back to 1 default profile: "default"
2025-11-15T13:44:54.137+08:00  INFO 16312 --- [backend] [           main] o.s.b.w.embedded.tomcat.TomcatWebServer  : Tomcat initialized with port 8080 (http)
2025-11-15T13:44:54.148+08:00  INFO 16312 --- [backend] [           main] o.apache.catalina.core.StandardService   : Starting service [Tomcat]
2025-11-15T13:44:54.149+08:00  INFO 16312 --- [backend] [           main] o.apache.catalina.core.StandardEngine    : Starting Servlet engine: [Apache Tomcat/10.1.41]
2025-11-15T13:44:54.186+08:00  INFO 16312 --- [backend] [           main] o.a.c.c.C.[Tomcat].[localhost].[/]       : Initializing Spring embedded WebApplicationContext
2025-11-15T13:44:54.188+08:00  INFO 16312 --- [backend] [           main] w.s.c.ServletWebServerApplicationContext : Root WebApplicationContext: initialization completed in 740 ms
2025-11-15T13:44:54.506+08:00  INFO 16312 --- [backend] [           main] o.s.b.w.embedded.tomcat.TomcatWebServer  : Tomcat started on port 8080 (http) with context path '/'
2025-11-15T13:44:54.515+08:00  INFO 16312 --- [backend] [           main] com.example.demo.BackendApplication      : Started BackendApplication in 1.472 seconds (process running for 1.726)

ðŸ” Registered Spring Endpoints:
ðŸ‘‰ {GET [/api/streaming/devices]}
ðŸ‘‰ {GET [/api/sensor/status]}
ðŸ‘‰ {GET [/api/schedulers]}
ðŸ‘‰ {GET [/api/sensor/tcp/status]}
ðŸ‘‰ {POST [/api/sensor/tcp/start]}
ðŸ‘‰ {POST [/api/sensor/tcp/stop]}
ðŸ‘‰ {POST [/api/sensor/tcp/reset]}
ðŸ‘‰ {GET [/api/scheduler/config]}
ðŸ‘‰ {GET [/api/streaming/status]}
ðŸ‘‰ { [/error], produces [text/html]}
ðŸ‘‰ {POST [/api/streaming/start]}
ðŸ‘‰ {GET [/api/scheduler/current]}
ðŸ‘‰ { [/error]}
ðŸ‘‰ {POST [/api/streaming/stop]}

âœ… WebSocket Endpoints Available:
   ðŸ“¹ ws://localhost:8080/ws/streaming (Port 6060 - LRTT)
   ðŸ“¡ ws://localhost:8080/ws/sensor (Port 5000 - Redundant)

ðŸš€ Backend is ready!

2025-11-15T13:44:55.415+08:00  INFO 16312 --- [backend] [nio-8080-exec-1] o.a.c.c.C.[Tomcat].[localhost].[/]       : Initializing Spring DispatcherServlet 'dispatcherServlet'
2025-11-15T13:44:55.416+08:00  INFO 16312 --- [backend] [nio-8080-exec-1] o.s.web.servlet.DispatcherServlet        : Initializing Servlet 'dispatcherServlet'
2025-11-15T13:44:55.417+08:00  INFO 16312 --- [backend] [nio-8080-exec-1] o.s.web.servlet.DispatcherServlet        : Completed initialization in 1 ms
ðŸŽ¦ Devices exposed to UI:
   - UGREEN Camera: UGREEN Camera (usb-0000:00:14.0-1) (/dev/video2)
   - UGREEN Camera: UGREEN Camera (usb-0000:00:14.0-1) (/dev/video3)
   - USB2.0 VGA UVC WebCam: USB2.0 V (usb-0000:00:14.0-6) (/dev/video0)
   - USB2.0 VGA UVC WebCam: USB2.0 V (usb-0000:00:14.0-6) (/dev/video1)
ðŸŽ¦ Devices exposed to UI:
   - UGREEN Camera: UGREEN Camera (usb-0000:00:14.0-1) (/dev/video2)
   - UGREEN Camera: UGREEN Camera (usb-0000:00:14.0-1) (/dev/video3)
   - USB2.0 VGA UVC WebCam: USB2.0 V (usb-0000:00:14.0-6) (/dev/video0)
   - USB2.0 VGA UVC WebCam: USB2.0 V (usb-0000:00:14.0-6) (/dev/video1)
ðŸŽ¦ Devices exposed to UI:
   - UGREEN Camera: UGREEN Camera (usb-0000:00:14.0-1) (/dev/video2)
   - UGREEN Camera: UGREEN Camera (usb-0000:00:14.0-1) (/dev/video3)
   - USB2.0 VGA UVC WebCam: USB2.0 V (usb-0000:00:14.0-6) (/dev/video0)
   - USB2.0 VGA UVC WebCam: USB2.0 V (usb-0000:00:14.0-6) (/dev/video1)
ðŸŽ¥ Starting video stream to AWS: 13.212.221.200:6060
ðŸ–¥ï¸  Detected OS: linux
âœ… MPTCP video proxy started on port 6062
   Forwarding to 13.212.221.200:6060 with source port 6060
   ðŸŽ¯ Using port 6060 for custom MPTCP scheduler routing (video)
ðŸ“Œ Preferred video device requested: /dev/video2
ðŸ“¹ Using video device: /dev/video2
ðŸ”€ Using MPTCP for streaming with scheduler: clientportsched
FFmpeg command: ffmpeg -f v4l2 -framerate 30 -video_size 640x480 -i /dev/video2 -vcodec libx264 -preset ultrafast -tune zerolatency -b:v 2M -maxrate 2M -bufsize 4M -g 60 -keyint_min 60 -f mpegts tcp://127.0.0.1:6062
âœ… Video streaming started successfully
[Metrics] FPS: 0.0 | Bitrate: 0.0 kbps | Dropped: 0
[Metrics] FPS: 0.0 | Bitrate: 897.2 kbps | Dropped: 0
[Metrics] FPS: 16.0 | Bitrate: 1028.1 kbps | Dropped: 0
[Metrics] FPS: 18.0 | Bitrate: 1071.0 kbps | Dropped: 0
[Metrics] FPS: 20.0 | Bitrate: 1063.5 kbps | Dropped: 0
[Metrics] FPS: 21.0 | Bitrate: 1125.9 kbps | Dropped: 0
[Metrics] FPS: 22.0 | Bitrate: 1226.5 kbps | Dropped: 0
[Metrics] FPS: 22.0 | Bitrate: 1302.4 kbps | Dropped: 0
[Metrics] FPS: 22.0 | Bitrate: 1343.2 kbps | Dropped: 0
[Metrics] FPS: 23.0 | Bitrate: 1386.1 kbps | Dropped: 0
[Metrics] FPS: 23.0 | Bitrate: 1415.3 kbps | Dropped: 0
[Metrics] FPS: 23.0 | Bitrate: 1478.3 kbps | Dropped: 0
[Metrics] FPS: 23.0 | Bitrate: 1501.8 kbps | Dropped: 0
[Metrics] FPS: 23.0 | Bitrate: 1512.9 kbps | Dropped: 0
[Metrics] FPS: 24.0 | Bitrate: 1528.9 kbps | Dropped: 0
[Metrics] FPS: 24.0 | Bitrate: 1567.7 kbps | Dropped: 0
[Metrics] FPS: 24.0 | Bitrate: 1573.5 kbps | Dropped: 0
[Metrics] FPS: 24.0 | Bitrate: 1587.9 kbps | Dropped: 0
[Metrics] FPS: 24.0 | Bitrate: 1595.0 kbps | Dropped: 0
[Metrics] FPS: 24.0 | Bitrate: 1605.9 kbps | Dropped: 0
[Metrics] FPS: 24.0 | Bitrate: 1628.8 kbps | Dropped: 0
[Metrics] FPS: 24.0 | Bitrate: 1622.2 kbps | Dropped: 0
[Metrics] FPS: 24.0 | Bitrate: 1625.7 kbps | Dropped: 0
[Metrics] FPS: 24.0 | Bitrate: 1625.1 kbps | Dropped: 0
[Metrics] FPS: 24.0 | Bitrate: 1659.1 kbps | Dropped: 0
[Metrics] FPS: 24.0 | Bitrate: 1652.5 kbps | Dropped: 0
[Metrics] FPS: 24.0 | Bitrate: 1655.8 kbps | Dropped: 0
[Metrics] FPS: 24.0 | Bitrate: 1655.3 kbps | Dropped: 0
[Metrics] FPS: 24.0 | Bitrate: 1655.3 kbps | Dropped: 0
[Metrics] FPS: 24.0 | Bitrate: 1676.7 kbps | Dropped: 0
[Metrics] FPS: 24.0 | Bitrate: 1676.1 kbps | Dropped: 0
[Metrics] FPS: 24.0 | Bitrate: 1678.7 kbps | Dropped: 0
[Metrics] FPS: 24.0 | Bitrate: 1677.4 kbps | Dropped: 0
[Metrics] FPS: 24.0 | Bitrate: 1676.5 kbps | Dropped: 0
[Metrics] FPS: 24.0 | Bitrate: 1694.7 kbps | Dropped: 0
[Metrics] FPS: 24.0 | Bitrate: 1693.7 kbps | Dropped: 0
[Metrics] FPS: 24.0 | Bitrate: 1695.2 kbps | Dropped: 0
[Metrics] FPS: 24.0 | Bitrate: 1694.0 kbps | Dropped: 0
[Metrics] FPS: 24.0 | Bitrate: 1706.9 kbps | Dropped: 0
[Metrics] FPS: 24.0 | Bitrate: 1708.1 kbps | Dropped: 0
[Metrics] FPS: 24.0 | Bitrate: 1706.2 kbps | Dropped: 0
[Metrics] FPS: 25.0 | Bitrate: 1707.1 kbps | Dropped: 0
[Metrics] FPS: 25.0 | Bitrate: 1705.5 kbps | Dropped: 0
[Metrics] FPS: 25.0 | Bitrate: 1719.5 kbps | Dropped: 0
[Metrics] FPS: 25.0 | Bitrate: 1719.1 kbps | Dropped: 0
[Metrics] FPS: 25.0 | Bitrate: 1717.9 kbps | Dropped: 0
[Metrics] FPS: 25.0 | Bitrate: 1719.1 kbps | Dropped: 0
[Metrics] FPS: 25.0 | Bitrate: 1717.9 kbps | Dropped: 0
[Metrics] FPS: 25.0 | Bitrate: 1731.2 kbps | Dropped: 0
[Metrics] FPS: 25.0 | Bitrate: 1729.9 kbps | Dropped: 0
[Metrics] FPS: 25.0 | Bitrate: 1728.8 kbps | Dropped: 0
[Metrics] FPS: 25.0 | Bitrate: 1731.3 kbps | Dropped: 0
[Metrics] FPS: 25.0 | Bitrate: 1742.2 kbps | Dropped: 0
[Metrics] FPS: 25.0 | Bitrate: 1743.9 kbps | Dropped: 0
[Metrics] FPS: 25.0 | Bitrate: 1744.2 kbps | Dropped: 0
[Metrics] FPS: 25.0 | Bitrate: 1753.0 kbps | Dropped: 0
[Metrics] FPS: 25.0 | Bitrate: 1765.7 kbps | Dropped: 0
[Metrics] FPS: 25.0 | Bitrate: 1773.7 kbps | Dropped: 0
[Metrics] FPS: 25.0 | Bitrate: 1773.2 kbps | Dropped: 0
[Metrics] FPS: 25.0 | Bitrate: 1774.8 kbps | Dropped: 0
[Metrics] FPS: 25.0 | Bitrate: 1775.7 kbps | Dropped: 0
[Metrics] FPS: 25.0 | Bitrate: 1779.7 kbps | Dropped: 0
[Metrics] FPS: 25.0 | Bitrate: 1767.5 kbps | Dropped: 0
[Metrics] FPS: 25.0 | Bitrate: 1766.2 kbps | Dropped: 0
[Metrics] FPS: 25.0 | Bitrate: 1765.3 kbps | Dropped: 0
[Metrics] FPS: 25.0 | Bitrate: 1764.7 kbps | Dropped: 0
[Metrics] FPS: 25.0 | Bitrate: 1768.2 kbps | Dropped: 0
[Metrics] FPS: 25.0 | Bitrate: 1764.8 kbps | Dropped: 0
[Metrics] FPS: 25.0 | Bitrate: 1765.0 kbps | Dropped: 0
[Metrics] FPS: 25.0 | Bitrate: 1763.9 kbps | Dropped: 0
[Metrics] FPS: 25.0 | Bitrate: 1764.0 kbps | Dropped: 0
[Metrics] FPS: 25.0 | Bitrate: 1765.9 kbps | Dropped: 0
[Metrics] FPS: 25.0 | Bitrate: 1764.4 kbps | Dropped: 0
[Metrics] FPS: 25.0 | Bitrate: 1764.7 kbps | Dropped: 0
[Metrics] FPS: 25.0 | Bitrate: 1763.3 kbps | Dropped: 0
[Metrics] FPS: 25.0 | Bitrate: 1769.5 kbps | Dropped: 0
[Metrics] FPS: 25.0 | Bitrate: 1765.5 kbps | Dropped: 0
[Metrics] FPS: 25.0 | Bitrate: 1764.3 kbps | Dropped: 0
[Metrics] FPS: 25.0 | Bitrate: 1762.8 kbps | Dropped: 0
[Metrics] FPS: 25.0 | Bitrate: 1761.5 kbps | Dropped: 0
[Metrics] FPS: 25.0 | Bitrate: 1766.7 kbps | Dropped: 0
[Metrics] FPS: 25.0 | Bitrate: 1767.3 kbps | Dropped: 0
[Metrics] FPS: 25.0 | Bitrate: 1763.7 kbps | Dropped: 0
[Metrics] FPS: 25.0 | Bitrate: 1755.5 kbps | Dropped: 0
[Metrics] FPS: 24.0 | Bitrate: 1746.8 kbps | Dropped: 0
[Metrics] FPS: 24.0 | Bitrate: 1737.8 kbps | Dropped: 0
[Metrics] FPS: 24.0 | Bitrate: 1733.4 kbps | Dropped: 0
[Metrics] FPS: 24.0 | Bitrate: 1726.8 kbps | Dropped: 0
[Metrics] FPS: 24.0 | Bitrate: 1723.0 kbps | Dropped: 0
[Metrics] FPS: 24.0 | Bitrate: 1720.1 kbps | Dropped: 0
[Metrics] FPS: 24.0 | Bitrate: 1718.1 kbps | Dropped: 0
[Metrics] FPS: 24.0 | Bitrate: 1722.0 kbps | Dropped: 0
[Metrics] FPS: 24.0 | Bitrate: 1718.0 kbps | Dropped: 0
[Metrics] FPS: 24.0 | Bitrate: 1718.6 kbps | Dropped: 0
[Metrics] FPS: 24.0 | Bitrate: 1718.1 kbps | Dropped: 0
[Metrics] FPS: 24.0 | Bitrate: 1718.4 kbps | Dropped: 0
[Metrics] FPS: 24.0 | Bitrate: 1720.5 kbps | Dropped: 0
[Metrics] FPS: 24.0 | Bitrate: 1720.1 kbps | Dropped: 0
[Metrics] FPS: 24.0 | Bitrate: 1720.3 kbps | Dropped: 0
[Metrics] FPS: 24.0 | Bitrate: 1719.5 kbps | Dropped: 0
[Metrics] FPS: 24.0 | Bitrate: 1719.7 kbps | Dropped: 0
[Metrics] FPS: 24.0 | Bitrate: 1722.5 kbps | Dropped: 0
[Metrics] FPS: 24.0 | Bitrate: 1722.8 kbps | Dropped: 0
[Metrics] FPS: 24.0 | Bitrate: 1722.1 kbps | Dropped: 0
[Metrics] FPS: 24.0 | Bitrate: 1721.4 kbps | Dropped: 0
[Metrics] FPS: 24.0 | Bitrate: 1725.7 kbps | Dropped: 0
[Metrics] FPS: 24.0 | Bitrate: 1724.4 kbps | Dropped: 0
[Metrics] FPS: 24.0 | Bitrate: 1724.6 kbps | Dropped: 0
[Metrics] FPS: 24.0 | Bitrate: 1723.7 kbps | Dropped: 0
[Metrics] FPS: 24.0 | Bitrate: 1723.0 kbps | Dropped: 0
[Metrics] FPS: 24.0 | Bitrate: 1726.8 kbps | Dropped: 0
ðŸ›‘ Stopped video streaming to AWS
ðŸ›‘ MPTCP video proxy stopped
ðŸ“º Video stream ended
ðŸŽ¥ Starting video stream to AWS: 13.212.221.200:6060
ðŸ–¥ï¸  Detected OS: linux
âœ… MPTCP video proxy started on port 6062
   Forwarding to 13.212.221.200:6060 with source port 6060
   ðŸŽ¯ Using port 6060 for custom MPTCP scheduler routing (video)
ðŸ“Œ Preferred video device requested: /dev/video0
ðŸ“¹ Using video device: /dev/video0
ðŸ”€ Using MPTCP for streaming with scheduler: clientportsched
FFmpeg command: ffmpeg -f v4l2 -framerate 30 -video_size 640x480 -i /dev/video0 -vcodec libx264 -preset ultrafast -tune zerolatency -b:v 2M -maxrate 2M -bufsize 4M -g 60 -keyint_min 60 -f mpegts tcp://127.0.0.1:6062
âœ… Video streaming started successfully
[Metrics] FPS: 0.0 | Bitrate: 0.0 kbps | Dropped: 0
[Metrics] FPS: 0.0 | Bitrate: 387.5 kbps | Dropped: 0
[Metrics] FPS: 9.4 | Bitrate: 437.7 kbps | Dropped: 0
[Metrics] FPS: 8.8 | Bitrate: 546.9 kbps | Dropped: 0
[Metrics] FPS: 8.5 | Bitrate: 555.7 kbps | Dropped: 0
[Metrics] FPS: 8.3 | Bitrate: 547.9 kbps | Dropped: 0
[Metrics] FPS: 8.1 | Bitrate: 548.2 kbps | Dropped: 0
[Metrics] FPS: 8.0 | Bitrate: 546.6 kbps | Dropped: 0
[Metrics] FPS: 8.0 | Bitrate: 552.9 kbps | Dropped: 0
[Metrics] FPS: 7.9 | Bitrate: 549.5 kbps | Dropped: 0
[Metrics] FPS: 7.9 | Bitrate: 548.5 kbps | Dropped: 0
[Metrics] FPS: 7.8 | Bitrate: 549.8 kbps | Dropped: 0
[Metrics] FPS: 7.8 | Bitrate: 551.1 kbps | Dropped: 0
[Metrics] FPS: 7.8 | Bitrate: 551.4 kbps | Dropped: 0
[Metrics] FPS: 7.8 | Bitrate: 552.1 kbps | Dropped: 0
[Metrics] FPS: 7.7 | Bitrate: 568.9 kbps | Dropped: 0
[Metrics] FPS: 7.7 | Bitrate: 561.0 kbps | Dropped: 0
[Metrics] FPS: 7.7 | Bitrate: 559.3 kbps | Dropped: 0
[Metrics] FPS: 7.7 | Bitrate: 558.1 kbps | Dropped: 0
[Metrics] FPS: 7.7 | Bitrate: 557.7 kbps | Dropped: 0
[Metrics] FPS: 7.7 | Bitrate: 556.8 kbps | Dropped: 0
[Metrics] FPS: 7.7 | Bitrate: 558.3 kbps | Dropped: 0
[Metrics] FPS: 7.7 | Bitrate: 553.9 kbps | Dropped: 0
[Metrics] FPS: 7.7 | Bitrate: 555.2 kbps | Dropped: 0
[Metrics] FPS: 7.6 | Bitrate: 557.2 kbps | Dropped: 0
[Metrics] FPS: 7.6 | Bitrate: 559.5 kbps | Dropped: 0
[Metrics] FPS: 7.6 | Bitrate: 559.5 kbps | Dropped: 0
[Metrics] FPS: 7.6 | Bitrate: 562.3 kbps | Dropped: 0
[Metrics] FPS: 7.6 | Bitrate: 563.7 kbps | Dropped: 0
[Metrics] FPS: 7.6 | Bitrate: 563.7 kbps | Dropped: 0
[Metrics] FPS: 7.6 | Bitrate: 574.3 kbps | Dropped: 0
[Metrics] FPS: 7.6 | Bitrate: 571.2 kbps | Dropped: 0
[Metrics] FPS: 7.6 | Bitrate: 570.8 kbps | Dropped: 0
[Metrics] FPS: 7.6 | Bitrate: 570.1 kbps | Dropped: 0
[Metrics] FPS: 7.6 | Bitrate: 569.3 kbps | Dropped: 0
[Metrics] FPS: 7.6 | Bitrate: 570.1 kbps | Dropped: 0
[Metrics] FPS: 7.6 | Bitrate: 569.1 kbps | Dropped: 0
[Metrics] FPS: 7.6 | Bitrate: 568.7 kbps | Dropped: 0
[Metrics] FPS: 7.6 | Bitrate: 568.3 kbps | Dropped: 0
[Metrics] FPS: 7.6 | Bitrate: 569.4 kbps | Dropped: 0
[Metrics] FPS: 7.6 | Bitrate: 569.9 kbps | Dropped: 0
[Metrics] FPS: 7.6 | Bitrate: 569.0 kbps | Dropped: 0
[Metrics] FPS: 7.6 | Bitrate: 568.3 kbps | Dropped: 0
ðŸ›‘ Stopped video streaming to AWS
ðŸ›‘ MPTCP video proxy stopped
ðŸ“º Video stream ended
ðŸŽ¥ Starting video stream to AWS: 13.212.221.200:6060
ðŸ–¥ï¸  Detected OS: linux
âœ… MPTCP video proxy started on port 6062
   Forwarding to 13.212.221.200:6060 with source port 6060
   ðŸŽ¯ Using port 6060 for custom MPTCP scheduler routing (video)
ðŸ“Œ Preferred video device requested: /dev/video1
ðŸ“¹ Using video device: /dev/video1
ðŸ”€ Using MPTCP for streaming with scheduler: clientportsched
FFmpeg command: ffmpeg -f v4l2 -framerate 30 -video_size 640x480 -i /dev/video1 -vcodec libx264 -preset ultrafast -tune zerolatency -b:v 2M -maxrate 2M -bufsize 4M -g 60 -keyint_min 60 -f mpegts tcp://127.0.0.1:6062
âœ… Video streaming started successfully
[FFmpeg Error] [in#0 @ 0x6269c520a840] Error opening input: Inappropriate ioctl for device
[FFmpeg Error] Error opening input file /dev/video1.
[FFmpeg Error] Error opening input files: Inappropriate ioctl for device
ðŸ“º Video stream ended
ðŸ›‘ MPTCP video proxy stopped
ðŸŽ¥ Starting video stream to AWS: 13.212.221.200:6060
ðŸ–¥ï¸  Detected OS: linux
âœ… MPTCP video proxy started on port 6062
   Forwarding to 13.212.221.200:6060 with source port 6060
   ðŸŽ¯ Using port 6060 for custom MPTCP scheduler routing (video)
ðŸ“Œ Preferred video device requested: /dev/video0
ðŸ“¹ Using video device: /dev/video0
ðŸ”€ Using MPTCP for streaming with scheduler: clientportsched
FFmpeg command: ffmpeg -f v4l2 -framerate 30 -video_size 640x480 -i /dev/video0 -vcodec libx264 -preset ultrafast -tune zerolatency -b:v 2M -maxrate 2M -bufsize 4M -g 60 -keyint_min 60 -f mpegts tcp://127.0.0.1:6062
âœ… Video streaming started successfully
[Metrics] FPS: 0.0 | Bitrate: 0.0 kbps | Dropped: 0
[Metrics] FPS: 0.0 | Bitrate: 390.2 kbps | Dropped: 0
[Metrics] FPS: 9.4 | Bitrate: 439.5 kbps | Dropped: 0
[Metrics] FPS: 8.7 | Bitrate: 546.9 kbps | Dropped: 0
[Metrics] FPS: 8.5 | Bitrate: 555.2 kbps | Dropped: 0
[Metrics] FPS: 8.2 | Bitrate: 548.8 kbps | Dropped: 0
[Metrics] FPS: 8.1 | Bitrate: 555.7 kbps | Dropped: 0
[Metrics] FPS: 8.0 | Bitrate: 566.4 kbps | Dropped: 0
[Metrics] FPS: 8.0 | Bitrate: 570.8 kbps | Dropped: 0
[Metrics] FPS: 7.9 | Bitrate: 572.9 kbps | Dropped: 0
[Metrics] FPS: 7.9 | Bitrate: 572.6 kbps | Dropped: 0
[Metrics] FPS: 7.8 | Bitrate: 571.7 kbps | Dropped: 0
[Metrics] FPS: 7.8 | Bitrate: 572.4 kbps | Dropped: 0
[Metrics] FPS: 7.8 | Bitrate: 572.6 kbps | Dropped: 0
[Metrics] FPS: 7.8 | Bitrate: 573.1 kbps | Dropped: 0
[Metrics] FPS: 7.7 | Bitrate: 594.4 kbps | Dropped: 0
[Metrics] FPS: 7.7 | Bitrate: 581.3 kbps | Dropped: 0
[Metrics] FPS: 7.7 | Bitrate: 579.4 kbps | Dropped: 0
[Metrics] FPS: 7.7 | Bitrate: 578.6 kbps | Dropped: 0
[Metrics] FPS: 7.7 | Bitrate: 578.2 kbps | Dropped: 0
[Metrics] FPS: 7.7 | Bitrate: 577.9 kbps | Dropped: 0
[Metrics] FPS: 7.7 | Bitrate: 577.6 kbps | Dropped: 0
[Metrics] FPS: 7.7 | Bitrate: 576.7 kbps | Dropped: 0
[Metrics] FPS: 7.7 | Bitrate: 576.2 kbps | Dropped: 0
[Metrics] FPS: 7.6 | Bitrate: 574.0 kbps | Dropped: 0
[Metrics] FPS: 7.6 | Bitrate: 575.2 kbps | Dropped: 0
[Metrics] FPS: 7.6 | Bitrate: 572.0 kbps | Dropped: 0
[Metrics] FPS: 7.6 | Bitrate: 571.9 kbps | Dropped: 0
[Metrics] FPS: 7.6 | Bitrate: 571.7 kbps | Dropped: 0
[Metrics] FPS: 7.6 | Bitrate: 571.4 kbps | Dropped: 0
[Metrics] FPS: 7.6 | Bitrate: 577.8 kbps | Dropped: 0
[Metrics] FPS: 7.6 | Bitrate: 571.1 kbps | Dropped: 0
[Metrics] FPS: 7.6 | Bitrate: 569.9 kbps | Dropped: 0
[Metrics] FPS: 7.6 | Bitrate: 569.1 kbps | Dropped: 0
[Metrics] FPS: 7.6 | Bitrate: 568.4 kbps | Dropped: 0
[Metrics] FPS: 7.6 | Bitrate: 567.9 kbps | Dropped: 0
[Metrics] FPS: 7.6 | Bitrate: 567.6 kbps | Dropped: 0
[Metrics] FPS: 7.6 | Bitrate: 567.2 kbps | Dropped: 0
[Metrics] FPS: 7.6 | Bitrate: 564.4 kbps | Dropped: 0
[Metrics] FPS: 7.6 | Bitrate: 562.7 kbps | Dropped: 0
[Metrics] FPS: 7.6 | Bitrate: 563.0 kbps | Dropped: 0
[Metrics] FPS: 7.6 | Bitrate: 563.1 kbps | Dropped: 0
[Metrics] FPS: 7.6 | Bitrate: 563.2 kbps | Dropped: 0
[Metrics] FPS: 7.6 | Bitrate: 563.0 kbps | Dropped: 0
[Metrics] FPS: 7.6 | Bitrate: 562.2 kbps | Dropped: 0
[Metrics] FPS: 7.6 | Bitrate: 567.6 kbps | Dropped: 0
[Metrics] FPS: 7.6 | Bitrate: 563.4 kbps | Dropped: 0
[Metrics] FPS: 7.6 | Bitrate: 563.0 kbps | Dropped: 0
[Metrics] FPS: 7.6 | Bitrate: 562.6 kbps | Dropped: 0
[Metrics] FPS: 7.6 | Bitrate: 561.8 kbps | Dropped: 0
[Metrics] FPS: 7.6 | Bitrate: 561.2 kbps | Dropped: 0
[Metrics] FPS: 7.6 | Bitrate: 558.8 kbps | Dropped: 0
[Metrics] FPS: 7.6 | Bitrate: 556.1 kbps | Dropped: 0
[Metrics] FPS: 7.6 | Bitrate: 553.0 kbps | Dropped: 0
[Metrics] FPS: 7.6 | Bitrate: 550.2 kbps | Dropped: 0
[Metrics] FPS: 7.6 | Bitrate: 548.6 kbps | Dropped: 0
[Metrics] FPS: 7.6 | Bitrate: 546.5 kbps | Dropped: 0
[Metrics] FPS: 7.6 | Bitrate: 545.3 kbps | Dropped: 0
[Metrics] FPS: 7.6 | Bitrate: 544.5 kbps | Dropped: 0
[Metrics] FPS: 7.5 | Bitrate: 543.5 kbps | Dropped: 0
[Metrics] FPS: 7.5 | Bitrate: 547.0 kbps | Dropped: 0
[Metrics] FPS: 7.5 | Bitrate: 545.4 kbps | Dropped: 0
[Metrics] FPS: 7.5 | Bitrate: 545.1 kbps | Dropped: 0
[Metrics] FPS: 7.5 | Bitrate: 545.3 kbps | Dropped: 0
[Metrics] FPS: 7.5 | Bitrate: 545.3 kbps | Dropped: 0
[Metrics] FPS: 7.5 | Bitrate: 544.8 kbps | Dropped: 0
[Metrics] FPS: 7.5 | Bitrate: 543.8 kbps | Dropped: 0
[Metrics] FPS: 7.5 | Bitrate: 543.3 kbps | Dropped: 0
[Metrics] FPS: 7.5 | Bitrate: 542.9 kbps | Dropped: 0
[Metrics] FPS: 7.5 | Bitrate: 542.2 kbps | Dropped: 0
[Metrics] FPS: 7.5 | Bitrate: 541.4 kbps | Dropped: 0
[Metrics] FPS: 7.5 | Bitrate: 540.7 kbps | Dropped: 0
[Metrics] FPS: 7.5 | Bitrate: 540.0 kbps | Dropped: 0
[Metrics] FPS: 7.5 | Bitrate: 539.9 kbps | Dropped: 0
[Metrics] FPS: 7.5 | Bitrate: 539.6 kbps | Dropped: 0
[Metrics] FPS: 7.5 | Bitrate: 543.0 kbps | Dropped: 0
[Metrics] FPS: 7.5 | Bitrate: 541.7 kbps | Dropped: 0
[Metrics] FPS: 7.5 | Bitrate: 541.1 kbps | Dropped: 0
[Metrics] FPS: 7.5 | Bitrate: 541.4 kbps | Dropped: 0
[Metrics] FPS: 7.5 | Bitrate: 541.7 kbps | Dropped: 0
[Metrics] FPS: 7.5 | Bitrate: 541.6 kbps | Dropped: 0
[Metrics] FPS: 7.5 | Bitrate: 541.9 kbps | Dropped: 0
[Metrics] FPS: 7.5 | Bitrate: 542.1 kbps | Dropped: 0
[Metrics] FPS: 7.5 | Bitrate: 542.2 kbps | Dropped: 0
[Metrics] FPS: 7.5 | Bitrate: 542.3 kbps | Dropped: 0
[Metrics] FPS: 7.5 | Bitrate: 542.5 kbps | Dropped: 0
[Metrics] FPS: 7.5 | Bitrate: 542.4 kbps | Dropped: 0
[Metrics] FPS: 7.5 | Bitrate: 542.8 kbps | Dropped: 0
[Metrics] FPS: 7.5 | Bitrate: 542.5 kbps | Dropped: 0
[Metrics] FPS: 7.5 | Bitrate: 542.8 kbps | Dropped: 0
[Metrics] FPS: 7.5 | Bitrate: 545.9 kbps | Dropped: 0
[Metrics] FPS: 7.5 | Bitrate: 546.0 kbps | Dropped: 0
[Metrics] FPS: 7.5 | Bitrate: 544.2 kbps | Dropped: 0
[Metrics] FPS: 7.5 | Bitrate: 544.4 kbps | Dropped: 0
[Metrics] FPS: 7.5 | Bitrate: 544.3 kbps | Dropped: 0
[Metrics] FPS: 7.5 | Bitrate: 544.0 kbps | Dropped: 0
[Metrics] FPS: 7.5 | Bitrate: 544.2 kbps | Dropped: 0
[Metrics] FPS: 7.5 | Bitrate: 544.3 kbps | Dropped: 0
[Metrics] FPS: 7.5 | Bitrate: 544.2 kbps | Dropped: 0
[Metrics] FPS: 7.5 | Bitrate: 544.0 kbps | Dropped: 0
[Metrics] FPS: 7.5 | Bitrate: 543.6 kbps | Dropped: 0
[Metrics] FPS: 7.5 | Bitrate: 543.6 kbps | Dropped: 0
ðŸ›‘ Stopped video streaming to AWS
ðŸ›‘ MPTCP video proxy stopped
ðŸ“º Video stream ended
ðŸŽ¥ Starting video stream to AWS: 13.212.221.200:6060
ðŸ–¥ï¸  Detected OS: linux
âœ… MPTCP video proxy started on port 6062
   Forwarding to 13.212.221.200:6060 with source port 6060
   ðŸŽ¯ Using port 6060 for custom MPTCP scheduler routing (video)
ðŸ“Œ Preferred video device requested: /dev/video2
ðŸ“¹ Using video device: /dev/video2
ðŸ”€ Using MPTCP for streaming with scheduler: clientportsched
FFmpeg command: ffmpeg -f v4l2 -framerate 30 -video_size 640x480 -i /dev/video2 -vcodec libx264 -preset ultrafast -tune zerolatency -b:v 2M -maxrate 2M -bufsize 4M -g 60 -keyint_min 60 -f mpegts tcp://127.0.0.1:6062
âœ… Video streaming started successfully
[Metrics] FPS: 0.0 | Bitrate: 0.0 kbps | Dropped: 0
[Metrics] FPS: 0.0 | Bitrate: 892.0 kbps | Dropped: 0
[Metrics] FPS: 16.0 | Bitrate: 1023.8 kbps | Dropped: 0
[Metrics] FPS: 18.0 | Bitrate: 1067.8 kbps | Dropped: 0
[Metrics] FPS: 20.0 | Bitrate: 1062.2 kbps | Dropped: 0
[Metrics] FPS: 21.0 | Bitrate: 1130.1 kbps | Dropped: 0
[Metrics] FPS: 22.0 | Bitrate: 1238.2 kbps | Dropped: 0
[Metrics] FPS: 22.0 | Bitrate: 1292.6 kbps | Dropped: 0
[Metrics] FPS: 22.0 | Bitrate: 1332.2 kbps | Dropped: 0
[Metrics] FPS: 23.0 | Bitrate: 1376.8 kbps | Dropped: 0
[Metrics] FPS: 23.0 | Bitrate: 1413.9 kbps | Dropped: 0
[Metrics] FPS: 23.0 | Bitrate: 1477.6 kbps | Dropped: 0
[Metrics] FPS: 23.0 | Bitrate: 1505.2 kbps | Dropped: 0
[Metrics] FPS: 23.0 | Bitrate: 1520.7 kbps | Dropped: 0
[Metrics] FPS: 24.0 | Bitrate: 1541.0 kbps | Dropped: 0
[Metrics] FPS: 24.0 | Bitrate: 1582.9 kbps | Dropped: 0
[Metrics] FPS: 24.0 | Bitrate: 1587.7 kbps | Dropped: 0
[Metrics] FPS: 24.0 | Bitrate: 1599.9 kbps | Dropped: 0
[Metrics] FPS: 24.0 | Bitrate: 1605.4 kbps | Dropped: 0
[Metrics] FPS: 24.0 | Bitrate: 1616.4 kbps | Dropped: 0
[Metrics] FPS: 24.0 | Bitrate: 1639.2 kbps | Dropped: 0
[Metrics] FPS: 24.0 | Bitrate: 1630.5 kbps | Dropped: 0
[Metrics] FPS: 24.0 | Bitrate: 1627.8 kbps | Dropped: 0
[Metrics] FPS: 24.0 | Bitrate: 1623.0 kbps | Dropped: 0
[Metrics] FPS: 24.0 | Bitrate: 1651.3 kbps | Dropped: 0
[Metrics] FPS: 24.0 | Bitrate: 1642.4 kbps | Dropped: 0
[Metrics] FPS: 24.0 | Bitrate: 1644.0 kbps | Dropped: 0
[Metrics] FPS: 24.0 | Bitrate: 1645.4 kbps | Dropped: 0
[Metrics] FPS: 24.0 | Bitrate: 1647.5 kbps | Dropped: 0
[Metrics] FPS: 24.0 | Bitrate: 1671.2 kbps | Dropped: 0
[Metrics] FPS: 24.0 | Bitrate: 1673.7 kbps | Dropped: 0
[Metrics] FPS: 24.0 | Bitrate: 1678.3 kbps | Dropped: 0
[Metrics] FPS: 24.0 | Bitrate: 1680.1 kbps | Dropped: 0
[Metrics] FPS: 24.0 | Bitrate: 1681.1 kbps | Dropped: 0
[Metrics] FPS: 24.0 | Bitrate: 1700.4 kbps | Dropped: 0
[Metrics] FPS: 24.0 | Bitrate: 1701.0 kbps | Dropped: 0
[Metrics] FPS: 24.0 | Bitrate: 1704.4 kbps | Dropped: 0
[Metrics] FPS: 24.0 | Bitrate: 1704.7 kbps | Dropped: 0
[Metrics] FPS: 24.0 | Bitrate: 1718.5 kbps | Dropped: 0
[Metrics] FPS: 24.0 | Bitrate: 1721.6 kbps | Dropped: 0
[Metrics] FPS: 24.0 | Bitrate: 1721.4 kbps | Dropped: 0
[Metrics] FPS: 25.0 | Bitrate: 1723.2 kbps | Dropped: 0
[Metrics] FPS: 25.0 | Bitrate: 1723.0 kbps | Dropped: 0
[Metrics] FPS: 25.0 | Bitrate: 1737.4 kbps | Dropped: 0
[Metrics] FPS: 25.0 | Bitrate: 1737.3 kbps | Dropped: 0
[Metrics] FPS: 25.0 | Bitrate: 1736.9 kbps | Dropped: 0
[Metrics] FPS: 25.0 | Bitrate: 1739.0 kbps | Dropped: 0
[Metrics] FPS: 25.0 | Bitrate: 1738.7 kbps | Dropped: 0
[Metrics] FPS: 25.0 | Bitrate: 1751.9 kbps | Dropped: 0
[Metrics] FPS: 25.0 | Bitrate: 1752.9 kbps | Dropped: 0
[Metrics] FPS: 25.0 | Bitrate: 1753.3 kbps | Dropped: 0
[Metrics] FPS: 25.0 | Bitrate: 1754.7 kbps | Dropped: 0
[Metrics] FPS: 25.0 | Bitrate: 1762.3 kbps | Dropped: 0
[Metrics] FPS: 25.0 | Bitrate: 1764.4 kbps | Dropped: 0
[Metrics] FPS: 25.0 | Bitrate: 1763.7 kbps | Dropped: 0
[Metrics] FPS: 25.0 | Bitrate: 1762.8 kbps | Dropped: 0
[Metrics] FPS: 25.0 | Bitrate: 1764.2 kbps | Dropped: 0
[Metrics] FPS: 25.0 | Bitrate: 1767.0 kbps | Dropped: 0
[Metrics] FPS: 25.0 | Bitrate: 1767.7 kbps | Dropped: 0
[Metrics] FPS: 25.0 | Bitrate: 1766.0 kbps | Dropped: 0
ðŸ›‘ Stopped video streaming to AWS
ðŸ›‘ MPTCP video proxy stopped
ðŸ“º Video stream ended
ðŸŽ¥ Starting video stream to AWS: 13.212.221.200:6060
ðŸ–¥ï¸  Detected OS: linux
âœ… MPTCP video proxy started on port 6062
   Forwarding to 13.212.221.200:6060 with source port 6060
   ðŸŽ¯ Using port 6060 for custom MPTCP scheduler routing (video)
ðŸ“Œ Preferred video device requested: /dev/video2
ðŸ“¹ Using video device: /dev/video2
ðŸ”€ Using MPTCP for streaming with scheduler: clientportsched
FFmpeg command: ffmpeg -f v4l2 -framerate 30 -video_size 640x480 -i /dev/video2 -vcodec libx264 -preset ultrafast -tune zerolatency -b:v 2M -maxrate 2M -bufsize 4M -g 60 -keyint_min 60 -f mpegts tcp://127.0.0.1:6062
âœ… Video streaming started successfully
[Metrics] FPS: 0.0 | Bitrate: 0.0 kbps | Dropped: 0
[Metrics] FPS: 0.0 | Bitrate: 898.9 kbps | Dropped: 0
[Metrics] FPS: 16.0 | Bitrate: 1025.9 kbps | Dropped: 0
[Metrics] FPS: 18.0 | Bitrate: 1068.6 kbps | Dropped: 0
[Metrics] FPS: 20.0 | Bitrate: 1057.2 kbps | Dropped: 0
[Metrics] FPS: 21.0 | Bitrate: 1122.4 kbps | Dropped: 0
[Metrics] FPS: 22.0 | Bitrate: 1230.4 kbps | Dropped: 0
[Metrics] FPS: 22.0 | Bitrate: 1301.7 kbps | Dropped: 0
[Metrics] FPS: 22.0 | Bitrate: 1345.2 kbps | Dropped: 0
[Metrics] FPS: 23.0 | Bitrate: 1392.7 kbps | Dropped: 0
[Metrics] FPS: 23.0 | Bitrate: 1424.3 kbps | Dropped: 0
[Metrics] FPS: 23.0 | Bitrate: 1477.6 kbps | Dropped: 0
[Metrics] FPS: 23.0 | Bitrate: 1506.4 kbps | Dropped: 0
[Metrics] FPS: 23.0 | Bitrate: 1522.6 kbps | Dropped: 0
[Metrics] FPS: 24.0 | Bitrate: 1543.0 kbps | Dropped: 0
[Metrics] FPS: 24.0 | Bitrate: 1581.4 kbps | Dropped: 0
[Metrics] FPS: 24.0 | Bitrate: 1586.1 kbps | Dropped: 0
[Metrics] FPS: 24.0 | Bitrate: 1601.0 kbps | Dropped: 0
[Metrics] FPS: 24.0 | Bitrate: 1609.1 kbps | Dropped: 0
[Metrics] FPS: 24.0 | Bitrate: 1620.8 kbps | Dropped: 0
[Metrics] FPS: 24.0 | Bitrate: 1640.3 kbps | Dropped: 0
[Metrics] FPS: 24.0 | Bitrate: 1650.0 kbps | Dropped: 0
[Metrics] FPS: 24.0 | Bitrate: 1653.3 kbps | Dropped: 0
[Metrics] FPS: 24.0 | Bitrate: 1657.0 kbps | Dropped: 0
[Metrics] FPS: 24.0 | Bitrate: 1689.3 kbps | Dropped: 0
[Metrics] FPS: 24.0 | Bitrate: 1680.4 kbps | Dropped: 0
[Metrics] FPS: 24.0 | Bitrate: 1686.5 kbps | Dropped: 0
[Metrics] FPS: 24.0 | Bitrate: 1687.7 kbps | Dropped: 0
[Metrics] FPS: 24.0 | Bitrate: 1689.4 kbps | Dropped: 0
[Metrics] FPS: 24.0 | Bitrate: 1707.6 kbps | Dropped: 0
[Metrics] FPS: 24.0 | Bitrate: 1708.0 kbps | Dropped: 0
[Metrics] FPS: 24.0 | Bitrate: 1711.7 kbps | Dropped: 0
[Metrics] FPS: 24.0 | Bitrate: 1712.3 kbps | Dropped: 0
[Metrics] FPS: 24.0 | Bitrate: 1712.9 kbps | Dropped: 0
[Metrics] FPS: 24.0 | Bitrate: 1727.4 kbps | Dropped: 0
[Metrics] FPS: 24.0 | Bitrate: 1727.9 kbps | Dropped: 0
[Metrics] FPS: 24.0 | Bitrate: 1731.1 kbps | Dropped: 0
[Metrics] FPS: 24.0 | Bitrate: 1730.9 kbps | Dropped: 0
[Metrics] FPS: 24.0 | Bitrate: 1744.2 kbps | Dropped: 0
[Metrics] FPS: 24.0 | Bitrate: 1744.5 kbps | Dropped: 0
[Metrics] FPS: 25.0 | Bitrate: 1744.0 kbps | Dropped: 0
[Metrics] FPS: 25.0 | Bitrate: 1745.9 kbps | Dropped: 0
[Metrics] FPS: 25.0 | Bitrate: 1745.0 kbps | Dropped: 0
[Metrics] FPS: 25.0 | Bitrate: 1753.8 kbps | Dropped: 0
[Metrics] FPS: 25.0 | Bitrate: 1756.2 kbps | Dropped: 0
[Metrics] FPS: 25.0 | Bitrate: 1755.5 kbps | Dropped: 0
[Metrics] FPS: 25.0 | Bitrate: 1757.0 kbps | Dropped: 0
[Metrics] FPS: 25.0 | Bitrate: 1756.5 kbps | Dropped: 0
[Metrics] FPS: 25.0 | Bitrate: 1764.5 kbps | Dropped: 0
[Metrics] FPS: 25.0 | Bitrate: 1763.9 kbps | Dropped: 0
[Metrics] FPS: 25.0 | Bitrate: 1763.0 kbps | Dropped: 0
[Metrics] FPS: 25.0 | Bitrate: 1764.4 kbps | Dropped: 0
[Metrics] FPS: 25.0 | Bitrate: 1770.5 kbps | Dropped: 0
[Metrics] FPS: 25.0 | Bitrate: 1766.2 kbps | Dropped: 0
[Metrics] FPS: 25.0 | Bitrate: 1765.6 kbps | Dropped: 0
[Metrics] FPS: 25.0 | Bitrate: 1764.7 kbps | Dropped: 0
[Metrics] FPS: 25.0 | Bitrate: 1765.0 kbps | Dropped: 0
[Metrics] FPS: 25.0 | Bitrate: 1765.3 kbps | Dropped: 0
[Metrics] FPS: 25.0 | Bitrate: 1766.3 kbps | Dropped: 0
[Metrics] FPS: 25.0 | Bitrate: 1765.0 kbps | Dropped: 0
[Metrics] FPS: 25.0 | Bitrate: 1764.5 kbps | Dropped: 0
[Metrics] FPS: 25.0 | Bitrate: 1773.5 kbps | Dropped: 0
[Metrics] FPS: 25.0 | Bitrate: 1764.7 kbps | Dropped: 0
[Metrics] FPS: 25.0 | Bitrate: 1766.0 kbps | Dropped: 0
[Metrics] FPS: 25.0 | Bitrate: 1764.7 kbps | Dropped: 0
[Metrics] FPS: 25.0 | Bitrate: 1764.3 kbps | Dropped: 0
[Metrics] FPS: 25.0 | Bitrate: 1768.3 kbps | Dropped: 0
[Metrics] FPS: 25.0 | Bitrate: 1764.6 kbps | Dropped: 0
[Metrics] FPS: 25.0 | Bitrate: 1765.7 kbps | Dropped: 0
[Metrics] FPS: 25.0 | Bitrate: 1764.3 kbps | Dropped: 0
ðŸ›‘ Stopped video streaming to AWS
ðŸ›‘ MPTCP video proxy stopped
ðŸ“º Video stream ended
Sensor WebSocket connected: a36951ef-de7a-d07a-48e6-7e32ab22da75
Sensor WebSocket connected: da5c5537-f146-cdf4-f86f-ac2ba24fd613
ðŸ“¡ Connecting to AWS server with MPTCP: 13.212.221.200:5000
âœ… MPTCP proxy started on port 5001
   Forwarding to 13.212.221.200:5000 with source port 5000
   ðŸŽ¯ Using port 5000 for custom MPTCP scheduler routing
âœ… TCP packet transmission started
ðŸ‘‚ Listening for packet acknowledgments...
ðŸ“¤ Sent 100 packets
ðŸ“¥ Received 100 packets (Avg latency: 36ms)
ðŸ“¤ Sent 200 packets
ðŸ“¥ Received 200 packets (Avg latency: 24ms)
ðŸ“¤ Sent 300 packets
ðŸ“¥ Received 300 packets (Avg latency: 19ms)
ðŸ“¤ Sent 400 packets
ðŸ“¥ Received 400 packets (Avg latency: 17ms)
ðŸ“¤ Sent 500 packets
ðŸ“¥ Received 500 packets (Avg latency: 18ms)
ðŸ“¤ Sent 600 packets
ðŸ“¥ Received 600 packets (Avg latency: 18ms)
ðŸ“¤ Sent 700 packets
ðŸ“¥ Received 700 packets (Avg latency: 18ms)
ðŸ“¤ Sent 800 packets
ðŸ“¥ Received 800 packets (Avg latency: 17ms)
ðŸ“¤ Sent 900 packets
ðŸ“¥ Received 900 packets (Avg latency: 16ms)
ðŸ“¤ Sent 1000 packets
ðŸ“¥ Received 1000 packets (Avg latency: 16ms)
ðŸ“¤ Sent 1100 packets
ðŸ“¥ Received 1100 packets (Avg latency: 16ms)
ðŸ“¤ Sent 1200 packets
ðŸ“¥ Received 1200 packets (Avg latency: 15ms)
ðŸ“¤ Sent 1300 packets
ðŸ“¥ Received 1300 packets (Avg latency: 15ms)
ðŸ“¤ Sent 1400 packets
ðŸ“¥ Received 1400 packets (Avg latency: 14ms)
ðŸ“¤ Sent 1500 packets
ðŸ“¥ Received 1500 packets (Avg latency: 15ms)
ðŸ“¤ Sent 1600 packets
ðŸ“¥ Received 1600 packets (Avg latency: 14ms)
ðŸ“¤ Sent 1700 packets
ðŸ“¥ Received 1700 packets (Avg latency: 14ms)
ðŸ“¤ Sent 1800 packets
ðŸ“¥ Received 1800 packets (Avg latency: 19ms)
ðŸ“¤ Sent 1900 packets
ðŸ“¥ Received 1900 packets (Avg latency: 18ms)
ðŸ“¤ Sent 2000 packets
ðŸ“¥ Received 2000 packets (Avg latency: 18ms)
ðŸ“¤ Sent 2100 packets
ðŸ“¥ Received 2100 packets (Avg latency: 18ms)
ðŸ“¤ Sent 2200 packets
ðŸ“¥ Received 2200 packets (Avg latency: 18ms)
ðŸ“¤ Sent 2300 packets
ðŸ“¥ Received 2300 packets (Avg latency: 17ms)
ðŸ“¤ Sent 2400 packets
ðŸ“¥ Received 2400 packets (Avg latency: 17ms)
ðŸ“¤ Sent 2500 packets
ðŸ“¥ Received 2500 packets (Avg latency: 18ms)
